#
# There is insufficient memory for the Java Runtime Environment to continue.
# Native memory allocation (malloc) failed to allocate 735296 bytes for Chunk::new
# Possible reasons:
#   The system is out of physical RAM or swap space
#   In 32 bit mode, the process size limit was hit
# Possible solutions:
#   Reduce memory load on the system
#   Increase physical memory or swap space
#   Check if swap backing store is full
#   Use 64 bit Java on a 64 bit OS
#   Decrease Java heap size (-Xmx/-Xms)
#   Decrease number of Java threads
#   Decrease Java thread stack sizes (-Xss)
#   Set larger code cache with -XX:ReservedCodeCacheSize=
# This output file may be truncated or incomplete.
#
#  Out of Memory Error (allocation.cpp:390), pid=10140, tid=3212
#
# JRE version: Java(TM) SE Runtime Environment (8.0_77-b03) (build 1.8.0_77-b03)
# Java VM: Java HotSpot(TM) 64-Bit Server VM (25.77-b03 mixed mode windows-amd64 compressed oops)
# Failed to write core dump. Minidumps are not enabled by default on client versions of Windows
#

---------------  T H R E A D  ---------------

Current thread (0x00000000148e1000):  JavaThread "C2 CompilerThread1" daemon [_thread_in_native, id=3212, stack(0x0000000016030000,0x0000000016130000)]

Stack: [0x0000000016030000,0x0000000016130000]
[error occurred during error reporting (printing stack bounds), id 0xc0000005]

Native frames: (J=compiled Java code, j=interpreted, Vv=VM code, C=native code)


Current CompileTask:
C2:   1110 1544       4       com.android.dx.ssa.SCCP::simulateBlock (54 bytes)


---------------  P R O C E S S  ---------------

Java Threads: ( => current thread )
  0x0000000016493000 JavaThread "pool-2-thread-4" [_thread_blocked, id=3296, stack(0x0000000016c30000,0x0000000016d30000)]
  0x00000000164e4800 JavaThread "pool-2-thread-3" [_thread_blocked, id=7588, stack(0x0000000016b30000,0x0000000016c30000)]
  0x00000000164e3800 JavaThread "pool-2-thread-2" [_thread_blocked, id=2268, stack(0x0000000016a30000,0x0000000016b30000)]
  0x00000000164f4800 JavaThread "pool-3-thread-1" [_thread_blocked, id=5604, stack(0x0000000016930000,0x0000000016a30000)]
  0x00000000164f2000 JavaThread "pool-2-thread-1" [_thread_blocked, id=7600, stack(0x0000000016830000,0x0000000016930000)]
  0x0000000016233800 JavaThread "Service Thread" daemon [_thread_blocked, id=5716, stack(0x0000000016630000,0x0000000016730000)]
  0x000000001493a000 JavaThread "C1 CompilerThread2" daemon [_thread_blocked, id=5468, stack(0x0000000016130000,0x0000000016230000)]
=>0x00000000148e1000 JavaThread "C2 CompilerThread1" daemon [_thread_in_native, id=3212, stack(0x0000000016030000,0x0000000016130000)]
  0x00000000148de000 JavaThread "C2 CompilerThread0" daemon [_thread_in_native, id=9616, stack(0x0000000015f30000,0x0000000016030000)]
  0x00000000148dc000 JavaThread "Attach Listener" daemon [_thread_blocked, id=9196, stack(0x0000000015e30000,0x0000000015f30000)]
  0x00000000148da800 JavaThread "Signal Dispatcher" daemon [_thread_blocked, id=6260, stack(0x0000000015d30000,0x0000000015e30000)]
  0x00000000148ca800 JavaThread "Finalizer" daemon [_thread_blocked, id=5900, stack(0x0000000015b30000,0x0000000015c30000)]
  0x00000000021ff000 JavaThread "Reference Handler" daemon [_thread_blocked, id=8232, stack(0x0000000015a30000,0x0000000015b30000)]
  0x0000000002110800 JavaThread "main" [_thread_in_Java, id=7196, stack(0x0000000002010000,0x0000000002110000)]

Other Threads:
  0x00000000148a7800 VMThread [stack: 0x0000000015930000,0x0000000015a30000] [id=3120]
  0x0000000016247800 WatcherThread [stack: 0x0000000016730000,0x0000000016830000] [id=8616]

VM state:not at safepoint (normal execution)

VM Mutex/Monitor currently owned by a thread: None

Heap:
 PSYoungGen      total 71680K, used 36469K [0x00000000eab00000, 0x00000000ef600000, 0x0000000100000000)
  eden space 66560K, 47% used [0x00000000eab00000,0x00000000ec9a5188,0x00000000eec00000)
  from space 5120K, 99% used [0x00000000ef100000,0x00000000ef5f85f0,0x00000000ef600000)
  to   space 5120K, 0% used [0x00000000eec00000,0x00000000eec00000,0x00000000ef100000)
 ParOldGen       total 87552K, used 3502K [0x00000000c0000000, 0x00000000c5580000, 0x00000000eab00000)
  object space 87552K, 4% used [0x00000000c0000000,0x00000000c036b858,0x00000000c5580000)
 Metaspace       used 6195K, capacity 7090K, committed 7296K, reserved 1056768K
  class space    used 602K, capacity 618K, committed 640K, reserved 1048576K

Card table byte_map: [0x00000000115d0000,0x00000000117e0000] byte_map_base: 0x0000000010fd0000

Marking Bits: (ParMarkBitMap*) 0x00000000703a0600
 Begin Bits: [0x0000000011d40000, 0x0000000012d40000)
 End Bits:   [0x0000000012d40000, 0x0000000013d40000)

Polling page: 0x00000000001f0000

CodeCache: size=245760Kb used=6397Kb max_used=6427Kb free=239363Kb
 bounds [0x0000000002210000, 0x0000000002860000, 0x0000000011210000]
 total_blobs=1807 nmethods=1538 adapters=182
 compilation: enabled

Compilation events (10 events):
Event: 1.091 Thread 0x000000001493a000 1549       2       com.android.dx.rop.type.Type::asUninitialized (140 bytes)
Event: 1.091 Thread 0x000000001493a000 nmethod 1549 0x0000000002840010 code [0x0000000002840280, 0x0000000002840d18]
Event: 1.091 Thread 0x000000001493a000 1550       2       com.android.dx.ssa.LocalVariableExtractor::processBlock (383 bytes)
Event: 1.093 Thread 0x000000001493a000 nmethod 1550 0x0000000002841450 code [0x00000000028417c0, 0x00000000028429f8]
Event: 1.094 Thread 0x000000001493a000 1552       2       com.android.dx.ssa.SCCP::simulateMath (424 bytes)
Event: 1.095 Thread 0x000000001493a000 nmethod 1552 0x00000000028460d0 code [0x00000000028462e0, 0x0000000002846a28]
Event: 1.095 Thread 0x000000001493a000 1553       2       com.android.dx.ssa.back.SsaToRop$PhiVisitor::visitPhiInsn (67 bytes)
Event: 1.096 Thread 0x000000001493a000 nmethod 1553 0x000000000284d7d0 code [0x000000000284d9c0, 0x000000000284df68]
Event: 1.098 Thread 0x00000000148e1000 nmethod 1509 0x000000000284e8d0 code [0x000000000284ede0, 0x0000000002853970]
Event: 1.098 Thread 0x00000000148e1000 1544       4       com.android.dx.ssa.SCCP::simulateBlock (54 bytes)

GC Heap History (4 events):
Event: 0.620 GC heap before
{Heap before GC invocations=1 (full 0):
 PSYoungGen      total 38400K, used 33280K [0x00000000eab00000, 0x00000000ed580000, 0x0000000100000000)
  eden space 33280K, 100% used [0x00000000eab00000,0x00000000ecb80000,0x00000000ecb80000)
  from space 5120K, 0% used [0x00000000ed080000,0x00000000ed080000,0x00000000ed580000)
  to   space 5120K, 0% used [0x00000000ecb80000,0x00000000ecb80000,0x00000000ed080000)
 ParOldGen       total 87552K, used 0K [0x00000000c0000000, 0x00000000c5580000, 0x00000000eab00000)
  object space 87552K, 0% used [0x00000000c0000000,0x00000000c0000000,0x00000000c5580000)
 Metaspace       used 5917K, capacity 6832K, committed 7040K, reserved 1056768K
  class space    used 600K, capacity 616K, committed 640K, reserved 1048576K
Event: 0.629 GC heap after
Heap after GC invocations=1 (full 0):
 PSYoungGen      total 38400K, used 5059K [0x00000000eab00000, 0x00000000ef600000, 0x0000000100000000)
  eden space 33280K, 0% used [0x00000000eab00000,0x00000000eab00000,0x00000000ecb80000)
  from space 5120K, 98% used [0x00000000ecb80000,0x00000000ed070f38,0x00000000ed080000)
  to   space 5120K, 0% used [0x00000000ef100000,0x00000000ef100000,0x00000000ef600000)
 ParOldGen       total 87552K, used 16K [0x00000000c0000000, 0x00000000c5580000, 0x00000000eab00000)
  object space 87552K, 0% used [0x00000000c0000000,0x00000000c0004000,0x00000000c5580000)
 Metaspace       used 5917K, capacity 6832K, committed 7040K, reserved 1056768K
  class space    used 600K, capacity 616K, committed 640K, reserved 1048576K
}
Event: 0.866 GC heap before
{Heap before GC invocations=2 (full 0):
 PSYoungGen      total 38400K, used 38339K [0x00000000eab00000, 0x00000000ef600000, 0x0000000100000000)
  eden space 33280K, 100% used [0x00000000eab00000,0x00000000ecb80000,0x00000000ecb80000)
  from space 5120K, 98% used [0x00000000ecb80000,0x00000000ed070f38,0x00000000ed080000)
  to   space 5120K, 0% used [0x00000000ef100000,0x00000000ef100000,0x00000000ef600000)
 ParOldGen       total 87552K, used 16K [0x00000000c0000000, 0x00000000c5580000, 0x00000000eab00000)
  object space 87552K, 0% used [0x00000000c0000000,0x00000000c0004000,0x00000000c5580000)
 Metaspace       used 6149K, capacity 7026K, committed 7296K, reserved 1056768K
  class space    used 602K, capacity 618K, committed 640K, reserved 1048576K
Event: 0.907 GC heap after
Heap after GC invocations=2 (full 0):
 PSYoungGen      total 71680K, used 5089K [0x00000000eab00000, 0x00000000ef600000, 0x0000000100000000)
  eden space 66560K, 0% used [0x00000000eab00000,0x00000000eab00000,0x00000000eec00000)
  from space 5120K, 99% used [0x00000000ef100000,0x00000000ef5f85f0,0x00000000ef600000)
  to   space 5120K, 0% used [0x00000000eec00000,0x00000000eec00000,0x00000000ef100000)
 ParOldGen       total 87552K, used 3502K [0x00000000c0000000, 0x00000000c5580000, 0x00000000eab00000)
  object space 87552K, 4% used [0x00000000c0000000,0x00000000c036b858,0x00000000c5580000)
 Metaspace       used 6149K, capacity 7026K, committed 7296K, reserved 1056768K
  class space    used 602K, capacity 618K, committed 640K, reserved 1048576K
}

Deoptimization events (10 events):
Event: 0.772 Thread 0x0000000002110800 Uncommon trap: reason=unstable_if action=reinterpret pc=0x00000000025afd5c method=com.android.dx.rop.cst.Constant.compareTo(Lcom/android/dx/rop/cst/Constant;)I @ 12
Event: 0.945 Thread 0x0000000016493000 Uncommon trap: reason=unstable_if action=reinterpret pc=0x00000000026530fc method=com.android.dx.util.IntList.binarysearch(I)I @ 105
Event: 0.947 Thread 0x0000000016493000 Uncommon trap: reason=unstable_if action=reinterpret pc=0x00000000027394e8 method=com.android.dx.ssa.SCCP.simulateStmt(Lcom/android/dx/ssa/SsaInsn;)V @ 59
Event: 1.038 Thread 0x0000000002110800 Uncommon trap: reason=unstable_if action=reinterpret pc=0x000000000280f024 method=com.android.dx.ssa.SsaBasicBlock.newFromRop(Lcom/android/dx/rop/code/RopMethod;ILcom/android/dx/ssa/SsaMethod;)Lcom/android/dx/ssa/SsaBasicBlock; @ 164
Event: 1.039 Thread 0x0000000002110800 Uncommon trap: reason=class_check action=maybe_recompile pc=0x0000000002517608 method=com.android.dx.rop.type.Type.equals(Ljava/lang/Object;)Z @ 8
Event: 1.039 Thread 0x0000000002110800 Uncommon trap: reason=class_check action=maybe_recompile pc=0x000000000253a82c method=com.android.dx.rop.type.Type.equals(Ljava/lang/Object;)Z @ 8
Event: 1.091 Thread 0x0000000002110800 Uncommon trap: reason=unstable_if action=reinterpret pc=0x0000000002825284 method=com.android.dx.rop.code.RegisterSpec.equals(ILcom/android/dx/rop/type/TypeBearer;Lcom/android/dx/rop/code/LocalItem;)Z @ 42
Event: 1.093 Thread 0x0000000002110800 Uncommon trap: reason=unstable_if action=reinterpret pc=0x000000000278e1d8 method=com.android.dx.rop.code.RegisterSpec.equals(ILcom/android/dx/rop/type/TypeBearer;Lcom/android/dx/rop/code/LocalItem;)Z @ 42
Event: 1.100 Thread 0x0000000002110800 Uncommon trap: reason=bimorphic action=maybe_recompile pc=0x00000000027dcfa8 method=com.android.dx.cf.code.BytecodeArray.parseInstruction(ILcom/android/dx/cf/code/BytecodeArray$Visitor;)I @ 1501
Event: 1.101 Thread 0x0000000002110800 Uncommon trap: reason=bimorphic action=maybe_recompile pc=0x00000000027dcfa8 method=com.android.dx.cf.code.BytecodeArray.parseInstruction(ILcom/android/dx/cf/code/BytecodeArray$Visitor;)I @ 1501

Internal exceptions (3 events):
Event: 0.034 Thread 0x0000000002110800 Exception <a 'java/lang/NoSuchMethodError': Method sun.misc.Unsafe.defineClass(Ljava/lang/String;[BII)Ljava/lang/Class; name or signature does not match> (0x00000000eab07cc0) thrown at [D:\re\workspace\8-2-build-windows-amd64-cygwin\jdk8u77\6540\hotspot\srœµÏ¢¢¡?
Event: 0.034 Thread 0x0000000002110800 Exception <a 'java/lang/NoSuchMethodError': Method sun.misc.Unsafe.prefetchRead(Ljava/lang/Object;J)V name or signature does not match> (0x00000000eab07fa8) thrown at [D:\re\workspace\8-2-build-windows-amd64-cygwin\jdk8u77\6540\hotspot\src\share\vm\prims\j*½³3å?
Event: 0.663 Thread 0x0000000016493000 Implicit null exception at 0x0000000002590722 to 0x0000000002590821

Events (10 events):
Event: 1.091 Thread 0x0000000002110800 DEOPT UNPACKING pc=0x000000000225582a sp=0x000000000210e028 mode 2
Event: 1.093 Thread 0x0000000002110800 Uncommon trap: trap_request=0xffffff65 fr.pc=0x000000000278e1d8
Event: 1.093 Thread 0x0000000002110800 DEOPT PACKING pc=0x000000000278e1d8 sp=0x000000000210dfa0
Event: 1.093 Thread 0x0000000002110800 DEOPT UNPACKING pc=0x000000000225582a sp=0x000000000210df28 mode 2
Event: 1.100 Thread 0x0000000002110800 Uncommon trap: trap_request=0xffffffc6 fr.pc=0x00000000027dcfa8
Event: 1.100 Thread 0x0000000002110800 DEOPT PACKING pc=0x00000000027dcfa8 sp=0x000000000210dfb0
Event: 1.100 Thread 0x0000000002110800 DEOPT UNPACKING pc=0x000000000225582a sp=0x000000000210df30 mode 2
Event: 1.101 Thread 0x0000000002110800 Uncommon trap: trap_request=0xffffffc6 fr.pc=0x00000000027dcfa8
Event: 1.101 Thread 0x0000000002110800 DEOPT PACKING pc=0x00000000027dcfa8 sp=0x000000000210dd70
Event: 1.101 Thread 0x0000000002110800 DEOPT UNPACKING pc=0x000000000225582a sp=0x000000000210dcf0 mode 2


Dynamic libraries:
0x00007ff6049f0000 - 0x00007ff604a27000 	C:\Program Files\Java\jdk1.8.0_77\bin\java.exe
0x00007ff815740000 - 0x00007ff815901000 	C:\Windows\SYSTEM32\ntdll.dll
0x00007ff813430000 - 0x00007ff8134dd000 	C:\Windows\system32\KERNEL32.DLL
0x00007ff812690000 - 0x00007ff812878000 	C:\Windows\system32\KERNELBASE.dll
0x00007ff812bb0000 - 0x00007ff812c57000 	C:\Windows\system32\ADVAPI32.dll
0x00007ff8156a0000 - 0x00007ff81573d000 	C:\Windows\system32\msvcrt.dll
0x00007ff812c60000 - 0x00007ff812cbb000 	C:\Windows\system32\sechost.dll
0x00007ff815280000 - 0x00007ff81539c000 	C:\Windows\system32\RPCRT4.dll
0x00007ff815120000 - 0x00007ff815276000 	C:\Windows\system32\USER32.dll
0x00007ff813650000 - 0x00007ff8137d6000 	C:\Windows\system32\GDI32.dll
0x00007ff80c0c0000 - 0x00007ff80c334000 	C:\Windows\WinSxS\amd64_microsoft.windows.common-controls_6595b64144ccf1df_6.0.10586.0_none_8c15ae12515e1c22\COMCTL32.dll
0x00007ff815420000 - 0x00007ff81569d000 	C:\Windows\system32\combase.dll
0x00007ff811f60000 - 0x00007ff811fca000 	C:\Windows\system32\bcryptPrimitives.dll
0x00007ff8153b0000 - 0x00007ff8153eb000 	C:\Windows\system32\IMM32.DLL
0x000000006d900000 - 0x000000006d9d2000 	C:\Program Files\Java\jdk1.8.0_77\jre\bin\msvcr100.dll
0x000000006fb90000 - 0x0000000070420000 	C:\Program Files\Java\jdk1.8.0_77\jre\bin\server\jvm.dll
0x00007ff814f50000 - 0x00007ff814f58000 	C:\Windows\system32\PSAPI.DLL
0x00007ff802f20000 - 0x00007ff802f29000 	C:\Windows\SYSTEM32\WSOCK32.dll
0x00007ff812b40000 - 0x00007ff812bab000 	C:\Windows\system32\WS2_32.dll
0x00007ff80ffb0000 - 0x00007ff80ffd3000 	C:\Windows\SYSTEM32\WINMM.dll
0x00007ff80e5b0000 - 0x00007ff80e5ba000 	C:\Windows\SYSTEM32\VERSION.dll
0x00007ff80ff80000 - 0x00007ff80ffac000 	C:\Windows\SYSTEM32\WINMMBASE.dll
0x00007ff812620000 - 0x00007ff812663000 	C:\Windows\system32\cfgmgr32.dll
0x000000006fb80000 - 0x000000006fb8f000 	C:\Program Files\Java\jdk1.8.0_77\jre\bin\verify.dll
0x000000006fb50000 - 0x000000006fb79000 	C:\Program Files\Java\jdk1.8.0_77\jre\bin\java.dll
0x000000006fb30000 - 0x000000006fb46000 	C:\Program Files\Java\jdk1.8.0_77\jre\bin\zip.dll
0x00007ff8137e0000 - 0x00007ff814d3c000 	C:\Windows\system32\SHELL32.dll
0x00007ff811fd0000 - 0x00007ff812615000 	C:\Windows\system32\windows.storage.dll
0x00007ff812f40000 - 0x00007ff812f92000 	C:\Windows\system32\shlwapi.dll
0x00007ff811d60000 - 0x00007ff811d6f000 	C:\Windows\system32\kernel.appcore.dll
0x00007ff811ea0000 - 0x00007ff811f55000 	C:\Windows\system32\shcore.dll
0x00007ff811da0000 - 0x00007ff811deb000 	C:\Windows\system32\powrprof.dll
0x00007ff811d80000 - 0x00007ff811d94000 	C:\Windows\system32\profapi.dll

VM Arguments:
jvm_args: -Djava.awt.headless=true -Xmx1024M -Dfile.encoding=windows-1250 -Duser.country=PL -Duser.language=pl -Duser.variant 
java_command: com.android.dx.command.Main --dex --force-jumbo --num-threads=4 --multi-dex --output E:\Mate_\projects\MusicPlayer\app\build\intermediates\transforms\dex\debug\folders\1000\10\com.android.support-support-v4-23.3.0_076e592081465cbf32113e25302ac38a7528c9e1 E:\Mate_\projects\MusicPlayer\app\build\intermediates\exploded-aar\com.android.support\support-v4\23.3.0\jars\classes.jar
java_class_path (initial): E:\Android\sdk\build-tools\23.0.3\lib\dx.jar
Launcher Type: SUN_STANDARD

Environment Variables:
PATH=C:\ProgramData\Oracle\Java\javapath;C:\Windows\system32;C:\Windows;C:\Windows\System32\Wbem;C:\Windows\System32\WindowsPowerShell\v1.0\;C:\Program Files (x86)\NVIDIA Corporation\PhysX\Common;C:\Users\Mate_\AppData\Local\Programs\Python\Python35\Scripts\;C:\Users\Mate_\AppData\Local\Programs\Python\Python35\
USERNAME=Mate_
OS=Windows_NT
PROCESSOR_IDENTIFIER=Intel64 Family 6 Model 42 Stepping 7, GenuineIntel



---------------  S Y S T E M  ---------------

OS: Windows 10.0 , 64 bit Build 10586 (10.0.10586.0)

CPU:total 4 (4 cores per cpu, 1 threads per core) family 6 model 42 stepping 7, cmov, cx8, fxsr, mmx, sse, sse2, sse3, ssse3, sse4.1, sse4.2, popcnt, avx, aes, clmul, tsc, tscinvbit

Memory: 4k page, physical 8337072k(769552k free), swap 12522692k(5628k free)

vm_info: Java HotSpot(TM) 64-Bit Server VM (25.77-b03) for windows-amd64 JRE (1.8.0_77-b03), built on Mar 20 2016 22:01:33 by "java_re" with MS VC++ 10.0 (VS2010)

time: Wed May 04 13:25:16 2016
elapsed time: 1 seconds (0d 0h 0m 1s)

