#
# There is insufficient memory for the Java Runtime Environment to continue.
# Native memory allocation (malloc) failed to allocate 1048576 bytes for AllocateHeap
# Possible reasons:
#   The system is out of physical RAM or swap space
#   In 32 bit mode, the process size limit was hit
# Possible solutions:
#   Reduce memory load on the system
#   Increase physical memory or swap space
#   Check if swap backing store is full
#   Use 64 bit Java on a 64 bit OS
#   Decrease Java heap size (-Xmx/-Xms)
#   Decrease number of Java threads
#   Decrease Java thread stack sizes (-Xss)
#   Set larger code cache with -XX:ReservedCodeCacheSize=
# This output file may be truncated or incomplete.
#
#  Out of Memory Error (memory/allocation.inline.hpp:61), pid=6596, tid=10156
#
# JRE version:  (8.0_77-b03) (build )
# Java VM: Java HotSpot(TM) 64-Bit Server VM (25.77-b03 mixed mode windows-amd64 compressed oops)
# Failed to write core dump. Minidumps are not enabled by default on client versions of Windows
#

---------------  T H R E A D  ---------------

Current thread (0x0000000002080800):  JavaThread "Unknown thread" [_thread_in_vm, id=10156, stack(0x0000000001f50000,0x0000000002050000)]

Stack: [0x0000000001f50000,0x0000000002050000]
[error occurred during error reporting (printing stack bounds), id 0xc0000005]

Native frames: (J=compiled Java code, j=interpreted, Vv=VM code, C=native code)


---------------  P R O C E S S  ---------------

Java Threads: ( => current thread )

Other Threads:

=>0x0000000002080800 (exited) JavaThread "Unknown thread" [_thread_in_vm, id=10156, stack(0x0000000001f50000,0x0000000002050000)]

VM state:not at safepoint (normal execution)

VM Mutex/Monitor currently owned by a thread: None

Heap:
 PSYoungGen      total 38400K, used 665K [0x00000000eab00000, 0x00000000ed580000, 0x0000000100000000)
  eden space 33280K, 2% used [0x00000000eab00000,0x00000000eaba6670,0x00000000ecb80000)
  from space 5120K, 0% used [0x00000000ed080000,0x00000000ed080000,0x00000000ed580000)
  to   space 5120K, 0% used [0x00000000ecb80000,0x00000000ecb80000,0x00000000ed080000)
 ParOldGen       total 87552K, used 0K [0x00000000c0000000, 0x00000000c5580000, 0x00000000eab00000)
  object space 87552K, 0% used [0x00000000c0000000,0x00000000c0000000,0x00000000c5580000)
 Metaspace       used 769K, capacity 4480K, committed 4480K, reserved 1056768K
  class space    used 75K, capacity 384K, committed 384K, reserved 1048576K

Card table byte_map: [0x0000000011540000,0x0000000011750000] byte_map_base: 0x0000000010f40000

Marking Bits: (ParMarkBitMap*) 0x00000000703a0600
 Begin Bits: [0x0000000011cb0000, 0x0000000012cb0000)
 End Bits:   [0x0000000012cb0000, 0x0000000013cb0000)

Polling page: 0x00000000001f0000

CodeCache: size=245760Kb used=328Kb max_used=328Kb free=245431Kb
 bounds [0x0000000002180000, 0x00000000023f0000, 0x0000000011180000]
 total_blobs=58 nmethods=0 adapters=38
 compilation: enabled

Compilation events (0 events):
No events

GC Heap History (0 events):
No events

Deoptimization events (0 events):
No events

Internal exceptions (0 events):
No events

Events (10 events):
Event: 0.016 loading class java/lang/Short
Event: 0.016 loading class java/lang/Short done
Event: 0.016 loading class java/lang/Integer
Event: 0.016 loading class java/lang/Integer done
Event: 0.016 loading class java/lang/Long
Event: 0.016 loading class java/lang/Long done
Event: 0.017 loading class java/lang/NullPointerException
Event: 0.017 loading class java/lang/NullPointerException done
Event: 0.017 loading class java/lang/ArithmeticException
Event: 0.017 loading class java/lang/ArithmeticException done


Dynamic libraries:
0x00007ff6049f0000 - 0x00007ff604a27000 	C:\Program Files\Java\jdk1.8.0_77\bin\java.exe
0x00007ff815740000 - 0x00007ff815901000 	C:\Windows\SYSTEM32\ntdll.dll
0x00007ff813430000 - 0x00007ff8134dd000 	C:\Windows\system32\KERNEL32.DLL
0x00007ff812690000 - 0x00007ff812878000 	C:\Windows\system32\KERNELBASE.dll
0x00007ff812bb0000 - 0x00007ff812c57000 	C:\Windows\system32\ADVAPI32.dll
0x00007ff8156a0000 - 0x00007ff81573d000 	C:\Windows\system32\msvcrt.dll
0x00007ff812c60000 - 0x00007ff812cbb000 	C:\Windows\system32\sechost.dll
0x00007ff815280000 - 0x00007ff81539c000 	C:\Windows\system32\RPCRT4.dll
0x00007ff815120000 - 0x00007ff815276000 	C:\Windows\system32\USER32.dll
0x00007ff813650000 - 0x00007ff8137d6000 	C:\Windows\system32\GDI32.dll
0x00007ff80c0c0000 - 0x00007ff80c334000 	C:\Windows\WinSxS\amd64_microsoft.windows.common-controls_6595b64144ccf1df_6.0.10586.0_none_8c15ae12515e1c22\COMCTL32.dll
0x00007ff815420000 - 0x00007ff81569d000 	C:\Windows\system32\combase.dll
0x00007ff811f60000 - 0x00007ff811fca000 	C:\Windows\system32\bcryptPrimitives.dll
0x00007ff8153b0000 - 0x00007ff8153eb000 	C:\Windows\system32\IMM32.DLL
0x000000006d900000 - 0x000000006d9d2000 	C:\Program Files\Java\jdk1.8.0_77\jre\bin\msvcr100.dll
0x000000006fb90000 - 0x0000000070420000 	C:\Program Files\Java\jdk1.8.0_77\jre\bin\server\jvm.dll
0x00007ff814f50000 - 0x00007ff814f58000 	C:\Windows\system32\PSAPI.DLL
0x00007ff802f20000 - 0x00007ff802f29000 	C:\Windows\SYSTEM32\WSOCK32.dll
0x00007ff812b40000 - 0x00007ff812bab000 	C:\Windows\system32\WS2_32.dll
0x00007ff80ffb0000 - 0x00007ff80ffd3000 	C:\Windows\SYSTEM32\WINMM.dll
0x00007ff80e5b0000 - 0x00007ff80e5ba000 	C:\Windows\SYSTEM32\VERSION.dll
0x00007ff80ff80000 - 0x00007ff80ffac000 	C:\Windows\SYSTEM32\WINMMBASE.dll
0x00007ff812620000 - 0x00007ff812663000 	C:\Windows\system32\cfgmgr32.dll
0x000000006fb80000 - 0x000000006fb8f000 	C:\Program Files\Java\jdk1.8.0_77\jre\bin\verify.dll
0x000000006fb50000 - 0x000000006fb79000 	C:\Program Files\Java\jdk1.8.0_77\jre\bin\java.dll
0x000000006fb30000 - 0x000000006fb46000 	C:\Program Files\Java\jdk1.8.0_77\jre\bin\zip.dll

VM Arguments:
jvm_args: -Djava.awt.headless=true -Xmx1024M -Dfile.encoding=windows-1250 -Duser.country=PL -Duser.language=pl -Duser.variant 
java_command: com.android.dx.command.Main --dex --force-jumbo --num-threads=4 --multi-dex --output E:\Mate_\projects\MusicPlayer\app\build\intermediates\transforms\dex\debug\folders\1000\10\instant-run-bootstrap_24b8207ba7e5ab0c7e78ed233c06b4df8f56a044 E:\Mate_\projects\MusicPlayer\app\build\intermediates\incremental-classes\debug\instant-run-bootstrap.jar
java_class_path (initial): E:\Android\sdk\build-tools\23.0.3\lib\dx.jar
Launcher Type: SUN_STANDARD

Environment Variables:
PATH=C:\ProgramData\Oracle\Java\javapath;C:\Windows\system32;C:\Windows;C:\Windows\System32\Wbem;C:\Windows\System32\WindowsPowerShell\v1.0\;C:\Program Files (x86)\NVIDIA Corporation\PhysX\Common;C:\Users\Mate_\AppData\Local\Programs\Python\Python35\Scripts\;C:\Users\Mate_\AppData\Local\Programs\Python\Python35\
USERNAME=Mate_
OS=Windows_NT
PROCESSOR_IDENTIFIER=Intel64 Family 6 Model 42 Stepping 7, GenuineIntel



---------------  S Y S T E M  ---------------

OS: Windows 10.0 , 64 bit Build 10586 (10.0.10586.0)

CPU:total 4 (4 cores per cpu, 1 threads per core) family 6 model 42 stepping 7, cmov, cx8, fxsr, mmx, sse, sse2, sse3, ssse3, sse4.1, sse4.2, popcnt, avx, aes, clmul, tsc, tscinvbit

Memory: 4k page, physical 8337072k(1158900k free), swap 12522692k(6116k free)

vm_info: Java HotSpot(TM) 64-Bit Server VM (25.77-b03) for windows-amd64 JRE (1.8.0_77-b03), built on Mar 20 2016 22:01:33 by "java_re" with MS VC++ 10.0 (VS2010)

time: Wed May 04 13:14:22 2016
elapsed time: 0 seconds (0d 0h 0m 0s)

